[35m[1mScanning dependencies of target std_msgs_generate_messages_eus[0m
[35m[1mScanning dependencies of target _sim_game_generate_messages_check_deps_roomba_msg[0m
[35m[1mScanning dependencies of target _sim_game_generate_messages_check_deps_roombaList_msg[0m
[35m[1mScanning dependencies of target std_msgs_generate_messages_cpp[0m
[35m[1mScanning dependencies of target std_msgs_generate_messages_nodejs[0m
[35m[1mScanning dependencies of target std_msgs_generate_messages_py[0m
[35m[1mScanning dependencies of target std_msgs_generate_messages_lisp[0m
[  0%] Built target std_msgs_generate_messages_eus
[  0%] Built target std_msgs_generate_messages_cpp
[  0%] Built target std_msgs_generate_messages_nodejs
[  0%] Built target std_msgs_generate_messages_lisp
[  0%] Built target std_msgs_generate_messages_py
[  0%] Built target _sim_game_generate_messages_check_deps_roomba_msg
[  0%] Built target _sim_game_generate_messages_check_deps_roombaList_msg
[35m[1mScanning dependencies of target sim_game_generate_messages_lisp[0m
[35m[1mScanning dependencies of target sim_game_generate_messages_eus[0m
[35m[1mScanning dependencies of target sim_game_generate_messages_py[0m
[35m[1mScanning dependencies of target sim_game_generate_messages_cpp[0m
[35m[1mScanning dependencies of target sim_game_generate_messages_nodejs[0m
[  8%] [34m[1mGenerating Lisp code from sim_game/roombaList_msg.msg[0m
[ 16%] [34m[1mGenerating EusLisp code from sim_game/roombaList_msg.msg[0m
[ 25%] [34m[1mGenerating Lisp code from sim_game/roomba_msg.msg[0m
[ 33%] [34m[1mGenerating Python from MSG sim_game/roombaList_msg[0m
[ 41%] [34m[1mGenerating Javascript code from sim_game/roombaList_msg.msg[0m
[ 50%] [34m[1mGenerating Python from MSG sim_game/roomba_msg[0m
[ 58%] [34m[1mGenerating C++ code from sim_game/roombaList_msg.msg[0m
[ 66%] [34m[1mGenerating EusLisp code from sim_game/roomba_msg.msg[0m
[ 75%] [34m[1mGenerating EusLisp manifest code for sim_game[0m
[ 75%] Built target sim_game_generate_messages_lisp
[ 83%] [34m[1mGenerating Javascript code from sim_game/roomba_msg.msg[0m
[ 91%] [34m[1mGenerating C++ code from sim_game/roomba_msg.msg[0m
[ 91%] Built target sim_game_generate_messages_nodejs
[100%] [34m[1mGenerating Python msg __init__.py for sim_game[0m
[100%] Built target sim_game_generate_messages_cpp
[100%] Built target sim_game_generate_messages_py
[100%] Built target sim_game_generate_messages_eus
[35m[1mScanning dependencies of target sim_game_generate_messages[0m
[100%] Built target sim_game_generate_messages
