Symlinking /home/alexander/test_space/devel/include/sim_game/roomba_msg.h
Symlinking /home/alexander/test_space/devel/include/sim_game/roombaList_msg.h
Symlinking /home/alexander/test_space/devel/share/sim_game/cmake/sim_gameConfig.cmake
Symlinking /home/alexander/test_space/devel/share/sim_game/cmake/sim_gameConfig-version.cmake
Symlinking /home/alexander/test_space/devel/share/sim_game/cmake/sim_game-msg-extras.cmake
Symlinking /home/alexander/test_space/devel/share/sim_game/cmake/sim_game-msg-paths.cmake
Symlinking /home/alexander/test_space/devel/share/gennodejs/ros/sim_game/_index.js
Symlinking /home/alexander/test_space/devel/share/gennodejs/ros/sim_game/msg/roomba_msg.js
Symlinking /home/alexander/test_space/devel/share/gennodejs/ros/sim_game/msg/roombaList_msg.js
Symlinking /home/alexander/test_space/devel/share/gennodejs/ros/sim_game/msg/_index.js
Symlinking /home/alexander/test_space/devel/share/roseus/ros/sim_game/manifest.l
Symlinking /home/alexander/test_space/devel/share/roseus/ros/sim_game/msg/roombaList_msg.l
Symlinking /home/alexander/test_space/devel/share/roseus/ros/sim_game/msg/roomba_msg.l
Symlinking /home/alexander/test_space/devel/share/common-lisp/ros/sim_game/msg/sim_game-msg.asd
Symlinking /home/alexander/test_space/devel/share/common-lisp/ros/sim_game/msg/roombaList_msg.lisp
Symlinking /home/alexander/test_space/devel/share/common-lisp/ros/sim_game/msg/roomba_msg.lisp
Symlinking /home/alexander/test_space/devel/share/common-lisp/ros/sim_game/msg/_package_roomba_msg.lisp
Symlinking /home/alexander/test_space/devel/share/common-lisp/ros/sim_game/msg/_package_roombaList_msg.lisp
Symlinking /home/alexander/test_space/devel/share/common-lisp/ros/sim_game/msg/_package.lisp
Symlinking /home/alexander/test_space/devel/lib/pkgconfig/sim_game.pc
Symlinking /home/alexander/test_space/devel/lib/python2.7/dist-packages/sim_game/__init__.py
Symlinking /home/alexander/test_space/devel/lib/python2.7/dist-packages/sim_game/msg/__init__.py
Symlinking /home/alexander/test_space/devel/lib/python2.7/dist-packages/sim_game/msg/_roombaList_msg.py
Symlinking /home/alexander/test_space/devel/lib/python2.7/dist-packages/sim_game/msg/_roomba_msg.py
