Determining if the pthread_create exist failed with the following output:
Change Dir: /home/alexander/alex_test_ws/build/catkin_tools_prebuild/CMakeFiles/CMakeTmp

Run Build Command:"/usr/bin/make" "cmTC_83aff/fast"
/usr/bin/make -f CMakeFiles/cmTC_83aff.dir/build.make CMakeFiles/cmTC_83aff.dir/build
make[1]: Entering directory '/home/alexander/alex_test_ws/build/catkin_tools_prebuild/CMakeFiles/CMakeTmp'
Building C object CMakeFiles/cmTC_83aff.dir/CheckSymbolExists.c.o
/usr/bin/cc     -o CMakeFiles/cmTC_83aff.dir/CheckSymbolExists.c.o   -c /home/alexander/alex_test_ws/build/catkin_tools_prebuild/CMakeFiles/CMakeTmp/CheckSymbolExists.c
Linking C executable cmTC_83aff
/usr/bin/cmake -E cmake_link_script CMakeFiles/cmTC_83aff.dir/link.txt --verbose=1
/usr/bin/cc       CMakeFiles/cmTC_83aff.dir/CheckSymbolExists.c.o  -o cmTC_83aff -rdynamic 
CMakeFiles/cmTC_83aff.dir/CheckSymbolExists.c.o: In function `main':
CheckSymbolExists.c:(.text+0x16): undefined reference to `pthread_create'
collect2: error: ld returned 1 exit status
CMakeFiles/cmTC_83aff.dir/build.make:97: recipe for target 'cmTC_83aff' failed
make[1]: *** [cmTC_83aff] Error 1
make[1]: Leaving directory '/home/alexander/alex_test_ws/build/catkin_tools_prebuild/CMakeFiles/CMakeTmp'
Makefile:126: recipe for target 'cmTC_83aff/fast' failed
make: *** [cmTC_83aff/fast] Error 2

File /home/alexander/alex_test_ws/build/catkin_tools_prebuild/CMakeFiles/CMakeTmp/CheckSymbolExists.c:
/* */
#include <pthread.h>

int main(int argc, char** argv)
{
  (void)argv;
#ifndef pthread_create
  return ((int*)(&pthread_create))[argc];
#else
  (void)argc;
  return 0;
#endif
}

Determining if the function pthread_create exists in the pthreads failed with the following output:
Change Dir: /home/alexander/alex_test_ws/build/catkin_tools_prebuild/CMakeFiles/CMakeTmp

Run Build Command:"/usr/bin/make" "cmTC_bb641/fast"
/usr/bin/make -f CMakeFiles/cmTC_bb641.dir/build.make CMakeFiles/cmTC_bb641.dir/build
make[1]: Entering directory '/home/alexander/alex_test_ws/build/catkin_tools_prebuild/CMakeFiles/CMakeTmp'
Building C object CMakeFiles/cmTC_bb641.dir/CheckFunctionExists.c.o
/usr/bin/cc    -DCHECK_FUNCTION_EXISTS=pthread_create   -o CMakeFiles/cmTC_bb641.dir/CheckFunctionExists.c.o   -c /usr/share/cmake-3.5/Modules/CheckFunctionExists.c
Linking C executable cmTC_bb641
/usr/bin/cmake -E cmake_link_script CMakeFiles/cmTC_bb641.dir/link.txt --verbose=1
/usr/bin/cc   -DCHECK_FUNCTION_EXISTS=pthread_create    CMakeFiles/cmTC_bb641.dir/CheckFunctionExists.c.o  -o cmTC_bb641 -rdynamic -lpthreads 
/usr/bin/ld: cannot find -lpthreads
collect2: error: ld returned 1 exit status
CMakeFiles/cmTC_bb641.dir/build.make:97: recipe for target 'cmTC_bb641' failed
make[1]: *** [cmTC_bb641] Error 1
make[1]: Leaving directory '/home/alexander/alex_test_ws/build/catkin_tools_prebuild/CMakeFiles/CMakeTmp'
Makefile:126: recipe for target 'cmTC_bb641/fast' failed
make: *** [cmTC_bb641/fast] Error 2


